<?xml version="1.0" encoding="UTF-8"?>
<testsuite name="cs3500.pa03.DriverTest" tests="1" skipped="0" failures="0" errors="0" timestamp="2023-06-14T01:46:16" hostname="MacBook-Air-2.local" time="0.001">
  <properties/>
  <testcase name="fakeTest()" classname="cs3500.pa03.DriverTest" time="0.001"/>
  <system-out><![CDATA[An important message...
]]></system-out>
  <system-err><![CDATA[]]></system-err>
</testsuite>
